d:\projects\c++\complete projects\ann\ann\x64\debug\vc143.pdb
d:\projects\c++\complete projects\ann\ann\x64\debug\vc143.idb
d:\projects\c++\complete projects\ann\ann\x64\debug\random_num_generator.obj
d:\projects\c++\complete projects\ann\ann\x64\debug\vector_utils.obj
d:\projects\c++\complete projects\ann\ann\x64\debug\neuron.obj
d:\projects\c++\complete projects\ann\ann\x64\debug\ann.obj
d:\projects\c++\complete projects\ann\ann\x64\debug\act_func_enum.obj
d:\projects\c++\complete projects\ann\ann\x64\debug\activationfunctions.obj
d:\projects\c++\complete projects\ann\ann\x64\debug\layer.obj
d:\projects\c++\complete projects\ann\ann\x64\debug\mlp.obj
d:\projects\c++\complete projects\ann\x64\debug\ann.exe
d:\projects\c++\complete projects\ann\x64\debug\ann.pdb
d:\projects\c++\complete projects\ann\ann\x64\debug\ann.ilk
d:\projects\c++\complete projects\ann\ann\x64\debug\ann.tlog\cl.command.1.tlog
d:\projects\c++\complete projects\ann\ann\x64\debug\ann.tlog\cl.items.tlog
d:\projects\c++\complete projects\ann\ann\x64\debug\ann.tlog\cl.read.1.tlog
d:\projects\c++\complete projects\ann\ann\x64\debug\ann.tlog\cl.write.1.tlog
d:\projects\c++\complete projects\ann\ann\x64\debug\ann.tlog\link.command.1.tlog
d:\projects\c++\complete projects\ann\ann\x64\debug\ann.tlog\link.read.1.tlog
d:\projects\c++\complete projects\ann\ann\x64\debug\ann.tlog\link.secondary.1.tlog
d:\projects\c++\complete projects\ann\ann\x64\debug\ann.tlog\link.write.1.tlog
